Using pre-set license
Built from '2020.3/staging' branch; Version is '2020.3.18f1 (a7d1c678663c) revision 10998214'; Using compiler version '192528614'; Build Type 'Release'
OS: 'Windows 10 Home Single Language; OS build 19043.1348; Version 2009; 64bit' Language: 'zh' Physical Memory: 16313 MB
BatchMode: 1, IsHumanControllingUs: 0, StartBugReporterOnCrash: 0, Is64bit: 1, IsPro: 0

COMMAND LINE ARGUMENTS:
C:\Program Files\Unity\Hub\Editor\2020.3.18f1\Editor\Unity.exe
-adb2
-batchMode
-noUpm
-name
AssetImportWorker0
-projectPath
D:/unityproject/Unity_LittleDinosaur/LittleDinosaur
-logFile
Logs/AssetImportWorker0.log
-srvPort
63372
Successfully changed project path to: D:/unityproject/Unity_LittleDinosaur/LittleDinosaur
D:/unityproject/Unity_LittleDinosaur/LittleDinosaur
Using Asset Import Pipeline V2.
Refreshing native plugins compatible for Editor in 42.91 ms, found 3 plugins.
Preloading 0 native plugins for Editor in 0.00 ms.
Initialize engine version: 2020.3.18f1 (a7d1c678663c)
[Subsystems] Discovering subsystems at path C:/Program Files/Unity/Hub/Editor/2020.3.18f1/Editor/Data/Resources/UnitySubsystems
[Subsystems] Discovering subsystems at path D:/unityproject/Unity_LittleDinosaur/LittleDinosaur/Assets
GfxDevice: creating device client; threaded=0
Direct3D:
    Version:  Direct3D 11.0 [level 11.1]
    Renderer: NVIDIA GeForce GTX 1660 Ti (ID=0x2182)
    Vendor:   
    VRAM:     5991 MB
    Driver:   27.21.14.5751
Initialize mono
Mono path[0] = 'C:/Program Files/Unity/Hub/Editor/2020.3.18f1/Editor/Data/Managed'
Mono path[1] = 'C:/Program Files/Unity/Hub/Editor/2020.3.18f1/Editor/Data/MonoBleedingEdge/lib/mono/unityjit'
Mono config path = 'C:/Program Files/Unity/Hub/Editor/2020.3.18f1/Editor/Data/MonoBleedingEdge/etc'
Using monoOptions --debugger-agent=transport=dt_socket,embedding=1,server=y,suspend=n,address=127.0.0.1:56988
Begin MonoManager ReloadAssembly
Registering precompiled unity dll's ...
Register platform support module: C:/Program Files/Unity/Hub/Editor/2020.3.18f1/Editor/Data/PlaybackEngines/WebGLSupport/UnityEditor.WebGL.Extensions.dll
Register platform support module: C:/Program Files/Unity/Hub/Editor/2020.3.18f1/Editor/Data/PlaybackEngines/WindowsStandaloneSupport/UnityEditor.WindowsStandalone.Extensions.dll
Registered in 0.001701 seconds.
Native extension for WindowsStandalone target not found
Native extension for WebGL target not found
Refreshing native plugins compatible for Editor in 39.10 ms, found 3 plugins.
Preloading 0 native plugins for Editor in 0.00 ms.
Mono: successfully reloaded assembly
- Completed reload, in  1.374 seconds
Domain Reload Profiling:
	ReloadAssembly (1374ms)
		BeginReloadAssembly (42ms)
			ExecutionOrderSort (0ms)
			DisableScriptedObjects (0ms)
			BackupInstance (0ms)
			ReleaseScriptingObjects (0ms)
			CreateAndSetChildDomain (1ms)
		EndReloadAssembly (343ms)
			LoadAssemblies (41ms)
			RebuildTransferFunctionScriptingTraits (0ms)
			SetupTypeCache (121ms)
			ReleaseScriptCaches (0ms)
			RebuildScriptCaches (27ms)
			SetupLoadedEditorAssemblies (139ms)
				LogAssemblyErrors (0ms)
				InitializePlatformSupportModulesInManaged (4ms)
				SetLoadedEditorAssemblies (0ms)
				RefreshPlugins (39ms)
				BeforeProcessingInitializeOnLoad (13ms)
				ProcessInitializeOnLoadAttributes (62ms)
				ProcessInitializeOnLoadMethodAttributes (21ms)
				AfterProcessingInitializeOnLoad (0ms)
				EditorAssembliesLoaded (0ms)
			ExecutionOrderSort2 (0ms)
			AwakeInstancesAfterBackupRestoration (0ms)
Platform modules already initialized, skipping
Registering precompiled user dll's ...
Registered in 0.001470 seconds.
Begin MonoManager ReloadAssembly
Native extension for WindowsStandalone target not found
Native extension for WebGL target not found
Refreshing native plugins compatible for Editor in 35.34 ms, found 3 plugins.
Preloading 0 native plugins for Editor in 0.00 ms.
Mono: successfully reloaded assembly
- Completed reload, in  0.910 seconds
Domain Reload Profiling:
	ReloadAssembly (911ms)
		BeginReloadAssembly (114ms)
			ExecutionOrderSort (0ms)
			DisableScriptedObjects (4ms)
			BackupInstance (0ms)
			ReleaseScriptingObjects (0ms)
			CreateAndSetChildDomain (14ms)
		EndReloadAssembly (747ms)
			LoadAssemblies (71ms)
			RebuildTransferFunctionScriptingTraits (0ms)
			SetupTypeCache (241ms)
			ReleaseScriptCaches (0ms)
			RebuildScriptCaches (43ms)
			SetupLoadedEditorAssemblies (291ms)
				LogAssemblyErrors (0ms)
				InitializePlatformSupportModulesInManaged (4ms)
				SetLoadedEditorAssemblies (0ms)
				RefreshPlugins (35ms)
				BeforeProcessingInitializeOnLoad (64ms)
				ProcessInitializeOnLoadAttributes (172ms)
				ProcessInitializeOnLoadMethodAttributes (11ms)
				AfterProcessingInitializeOnLoad (5ms)
				EditorAssembliesLoaded (0ms)
			ExecutionOrderSort2 (0ms)
			AwakeInstancesAfterBackupRestoration (5ms)
Platform modules already initialized, skipping
========================================================================
Worker process is ready to serve import requests
Launched and connected shader compiler UnityShaderCompiler.exe after 0.05 seconds
Refreshing native plugins compatible for Editor in 0.42 ms, found 3 plugins.
Preloading 0 native plugins for Editor in 0.00 ms.
Unloading 2249 Unused Serialized files (Serialized files now loaded: 0)
System memory in use before: 98.3 MB.
System memory in use after: 98.4 MB.

Unloading 27 unused Assets to reduce memory usage. Loaded Objects now: 2690.
Total: 2.816600 ms (FindLiveObjects: 0.206400 ms CreateObjectMapping: 0.082900 ms MarkObjects: 2.451800 ms  DeleteObjects: 0.074500 ms)

AssetImportParameters requested are different than current active one (requested -> active):
  custom:framework-win-MediaFoundation: 216162199b28c13a410421893ffa2e32 -> 
  custom:video-decoder-ogg-theora: a1e56fd34408186e4bbccfd4996cb3dc -> 
  custom:container-muxer-webm: aa71ff27fc2769a1b78a27578f13a17b -> 
  custom:container-demuxer-webm: 4f35f7cbe854078d1ac9338744f61a02 -> 
  custom:container-demuxer-ogg: 62fdf1f143b41e24485cea50d1cbac27 -> 
  custom:video-encoder-webm-vp8: eb34c28f22e8b96e1ab97ce403110664 -> 
  custom:video-decoder-webm-vp8: 9c59270c3fd7afecdb556c50c9e8de78 -> 
  custom:audio-decoder-ogg-vorbis: bf7c407c2cedff20999df2af8eb42d56 -> 
  custom:audio-encoder-webm-vorbis: bf7c407c2cedff20999df2af8eb42d56 -> 
========================================================================
Received Import Request.
  path: Assets/Bolt 2D DinoRun VE1/Sprites/Player.png
  artifactKey: Guid(51c81e11cf1b83741a6d4debdf26562c) Importer(815301076,1909f56bfc062723c751e8b465ee728b)
Start importing Assets/Bolt 2D DinoRun VE1/Sprites/Player.png using Guid(51c81e11cf1b83741a6d4debdf26562c) Importer(815301076,1909f56bfc062723c751e8b465ee728b)  -> (artifact id: 'c241e0b9f756a97c6406c96d72bb42cd') in 0.155892 seconds 
  Import took 0.172064 seconds .

========================================================================
Received Import Request.
  Time since last request: 0.000203 seconds.
  path: Assets/Bolt 2D DinoRun VE1/Sprites/UI Over.png
  artifactKey: Guid(b73265accab188e409461260602e7e36) Importer(815301076,1909f56bfc062723c751e8b465ee728b)
Start importing Assets/Bolt 2D DinoRun VE1/Sprites/UI Over.png using Guid(b73265accab188e409461260602e7e36) Importer(815301076,1909f56bfc062723c751e8b465ee728b)  -> (artifact id: '3ca66aef5d13cdf43480bdccee16cd2e') in 0.067189 seconds 
  Import took 0.071098 seconds .

========================================================================
Received Import Request.
  Time since last request: 0.000227 seconds.
  path: Assets/Bolt 2D DinoRun VE1/Sprites
  artifactKey: Guid(1d71b0995532c204a9c4115b7a48ca23) Importer(815301076,1909f56bfc062723c751e8b465ee728b)
Start importing Assets/Bolt 2D DinoRun VE1/Sprites using Guid(1d71b0995532c204a9c4115b7a48ca23) Importer(815301076,1909f56bfc062723c751e8b465ee728b)  -> (artifact id: '05c0a4d77f9aa7852b8d8b2f75377ea5') in 0.005019 seconds 
  Import took 0.007860 seconds .

========================================================================
Received Import Request.
  Time since last request: 0.000247 seconds.
  path: Assets/Bolt 2D DinoRun VE1/Sprites/Ground.png
  artifactKey: Guid(55c38370a8cd6314a8626c513e426605) Importer(815301076,1909f56bfc062723c751e8b465ee728b)
Start importing Assets/Bolt 2D DinoRun VE1/Sprites/Ground.png using Guid(55c38370a8cd6314a8626c513e426605) Importer(815301076,1909f56bfc062723c751e8b465ee728b)  -> (artifact id: '8230c836e502c664072b179825db45a3') in 0.020984 seconds 
  Import took 0.023991 seconds .

========================================================================
Received Import Request.
  Time since last request: 0.000280 seconds.
  path: Assets/Bolt 2D DinoRun VE1/Sprites/UI Btn Down.png
  artifactKey: Guid(9b4b10262b3633647896ced3dbbc81ea) Importer(815301076,1909f56bfc062723c751e8b465ee728b)
Start importing Assets/Bolt 2D DinoRun VE1/Sprites/UI Btn Down.png using Guid(9b4b10262b3633647896ced3dbbc81ea) Importer(815301076,1909f56bfc062723c751e8b465ee728b)  -> (artifact id: '7853fbe70809a795263705c6a8d522ec') in 0.038345 seconds 
  Import took 0.068357 seconds .

========================================================================
Received Import Request.
  Time since last request: 0.000206 seconds.
  path: Assets/Bolt 2D DinoRun VE1/Sprites/UI Btn On.png
  artifactKey: Guid(3649a01a49d94c947820dd1c88eb3975) Importer(815301076,1909f56bfc062723c751e8b465ee728b)
Start importing Assets/Bolt 2D DinoRun VE1/Sprites/UI Btn On.png using Guid(3649a01a49d94c947820dd1c88eb3975) Importer(815301076,1909f56bfc062723c751e8b465ee728b)  -> (artifact id: 'c9d7e721bcf269fe794a914037e8724a') in 0.018237 seconds 
  Import took 0.021113 seconds .

========================================================================
Received Import Request.
  Time since last request: 0.000205 seconds.
  path: Assets/Bolt 2D DinoRun VE1/Sprites/Cactus C.png
  artifactKey: Guid(509cb56e68eb2404b902437d87eaab5a) Importer(815301076,1909f56bfc062723c751e8b465ee728b)
Start importing Assets/Bolt 2D DinoRun VE1/Sprites/Cactus C.png using Guid(509cb56e68eb2404b902437d87eaab5a) Importer(815301076,1909f56bfc062723c751e8b465ee728b)  -> (artifact id: '01c34e5980e3d25bda32806b61771d35') in 0.035896 seconds 
  Import took 0.038736 seconds .

========================================================================
Received Import Request.
  Time since last request: 0.000196 seconds.
  path: Assets/Bolt 2D DinoRun VE1/Sprites/Back A.png
  artifactKey: Guid(73c3f17bbee267148a2f224712eecba7) Importer(815301076,1909f56bfc062723c751e8b465ee728b)
Start importing Assets/Bolt 2D DinoRun VE1/Sprites/Back A.png using Guid(73c3f17bbee267148a2f224712eecba7) Importer(815301076,1909f56bfc062723c751e8b465ee728b)  -> (artifact id: '4b9c04cfadb5008eb7e80fffd104adc3') in 0.032758 seconds 
  Import took 0.035534 seconds .

========================================================================
Received Import Request.
  Time since last request: 0.000223 seconds.
  path: Assets/Bolt 2D DinoRun VE1/Sprites/Cloud A.png
  artifactKey: Guid(bd79f3830e84cf543972a859dc0807e8) Importer(815301076,1909f56bfc062723c751e8b465ee728b)
Start importing Assets/Bolt 2D DinoRun VE1/Sprites/Cloud A.png using Guid(bd79f3830e84cf543972a859dc0807e8) Importer(815301076,1909f56bfc062723c751e8b465ee728b)  -> (artifact id: 'a28c60cef4442275506765175be464bb') in 0.082975 seconds 
  Import took 0.085665 seconds .

========================================================================
Received Import Request.
  Time since last request: 0.000292 seconds.
  path: Assets/Bolt 2D DinoRun VE1/Sprites/Cactus A.png
  artifactKey: Guid(d5dceacb4ad9c71439838f9d84ddf1ae) Importer(815301076,1909f56bfc062723c751e8b465ee728b)
Start importing Assets/Bolt 2D DinoRun VE1/Sprites/Cactus A.png using Guid(d5dceacb4ad9c71439838f9d84ddf1ae) Importer(815301076,1909f56bfc062723c751e8b465ee728b)  -> (artifact id: '2fd11454d5eda2b207de7bc58906b0f5') in 0.080942 seconds 
  Import took 0.099354 seconds .

========================================================================
Received Import Request.
  Time since last request: 0.000299 seconds.
  path: Assets/Bolt 2D DinoRun VE1/Sprites/Sky.png
  artifactKey: Guid(686af9210bf8e3042a0ce5aae4d44e44) Importer(815301076,1909f56bfc062723c751e8b465ee728b)
Start importing Assets/Bolt 2D DinoRun VE1/Sprites/Sky.png using Guid(686af9210bf8e3042a0ce5aae4d44e44) Importer(815301076,1909f56bfc062723c751e8b465ee728b)  -> (artifact id: 'ed0c4bd94fbeeb70a89ca87235d3f948') in 0.047323 seconds 
  Import took 0.050986 seconds .

========================================================================
Received Import Request.
  Time since last request: 0.000190 seconds.
  path: Assets/Bolt 2D DinoRun VE1/Sprites/Cloud B.png
  artifactKey: Guid(f4a1ed8c5bcdb834889d9301f7ee1ab7) Importer(815301076,1909f56bfc062723c751e8b465ee728b)
Start importing Assets/Bolt 2D DinoRun VE1/Sprites/Cloud B.png using Guid(f4a1ed8c5bcdb834889d9301f7ee1ab7) Importer(815301076,1909f56bfc062723c751e8b465ee728b)  -> (artifact id: 'd9840394d60dd262219ae9565fdb59e0') in 0.027105 seconds 
  Import took 0.029746 seconds .

========================================================================
Received Import Request.
  Time since last request: 0.000220 seconds.
  path: Assets/Bolt 2D DinoRun VE1/Sprites/Back B.png
  artifactKey: Guid(56ea801d18819dd4eb62926f1c7c4a15) Importer(815301076,1909f56bfc062723c751e8b465ee728b)
Start importing Assets/Bolt 2D DinoRun VE1/Sprites/Back B.png using Guid(56ea801d18819dd4eb62926f1c7c4a15) Importer(815301076,1909f56bfc062723c751e8b465ee728b)  -> (artifact id: 'c33ffbfb1c2158dbaf427cd8673ca56c') in 0.018551 seconds 
  Import took 0.021244 seconds .

========================================================================
Received Import Request.
  Time since last request: 0.000232 seconds.
  path: Assets/Bolt 2D DinoRun VE1/Sprites/Cactus B.png
  artifactKey: Guid(f49c007801b3fe846803154bfa86dc81) Importer(815301076,1909f56bfc062723c751e8b465ee728b)
Start importing Assets/Bolt 2D DinoRun VE1/Sprites/Cactus B.png using Guid(f49c007801b3fe846803154bfa86dc81) Importer(815301076,1909f56bfc062723c751e8b465ee728b)  -> (artifact id: '7b2752ae8d94dee7f1f8b73eedfc14c3') in 0.017535 seconds 
  Import took 0.020453 seconds .

========================================================================
Received Import Request.
  Time since last request: 2.758910 seconds.
  path: Assets/Scripts/LearnOperator.cs
  artifactKey: Guid(68a3a293481ed4d4182ac4784e03df98) Importer(815301076,1909f56bfc062723c751e8b465ee728b)
Start importing Assets/Scripts/LearnOperator.cs using Guid(68a3a293481ed4d4182ac4784e03df98) Importer(815301076,1909f56bfc062723c751e8b465ee728b)  -> (artifact id: '8dd2cb3553091a0b70ee7f43dd84d2ab') in 0.008067 seconds 
  Import took 0.020592 seconds .

========================================================================
Received Import Request.
  Time since last request: 0.011206 seconds.
  path: Assets/Scripts/LearnOperator.cs
  artifactKey: Guid(68a3a293481ed4d4182ac4784e03df98) Importer(815301076,1909f56bfc062723c751e8b465ee728b)
Start importing Assets/Scripts/LearnOperator.cs using Guid(68a3a293481ed4d4182ac4784e03df98) Importer(815301076,1909f56bfc062723c751e8b465ee728b)  -> (artifact id: '8dd2cb3553091a0b70ee7f43dd84d2ab') in 0.002160 seconds 
  Import took 0.005519 seconds .

========================================================================
Received Import Request.
  Time since last request: 0.393071 seconds.
  path: Assets/Scripts/LearnLoop.cs
  artifactKey: Guid(9954226d3714dd04198892709896ffb5) Importer(815301076,1909f56bfc062723c751e8b465ee728b)
Start importing Assets/Scripts/LearnLoop.cs using Guid(9954226d3714dd04198892709896ffb5) Importer(815301076,1909f56bfc062723c751e8b465ee728b)  -> (artifact id: '4101d6a104ae660234e6628a6205d49b') in 0.005967 seconds 
  Import took 0.009824 seconds .

========================================================================
Received Import Request.
  Time since last request: 0.501650 seconds.
  path: Assets/Scripts/LearnArray.cs
  artifactKey: Guid(df56797ce98bd7e40a08aa02e85b3fcc) Importer(815301076,1909f56bfc062723c751e8b465ee728b)
Start importing Assets/Scripts/LearnArray.cs using Guid(df56797ce98bd7e40a08aa02e85b3fcc) Importer(815301076,1909f56bfc062723c751e8b465ee728b)  -> (artifact id: 'de06ea460e468e9c0ae4de221d82b894') in 0.005564 seconds 
  Import took 0.009017 seconds .

========================================================================
Received Import Request.
  Time since last request: 0.000610 seconds.
  path: Assets/Scripts/LearnArray.cs
  artifactKey: Guid(df56797ce98bd7e40a08aa02e85b3fcc) Importer(815301076,1909f56bfc062723c751e8b465ee728b)
Start importing Assets/Scripts/LearnArray.cs using Guid(df56797ce98bd7e40a08aa02e85b3fcc) Importer(815301076,1909f56bfc062723c751e8b465ee728b)  -> (artifact id: 'de06ea460e468e9c0ae4de221d82b894') in 0.001832 seconds 
  Import took 0.004884 seconds .

========================================================================
Received Prepare
Registering precompiled user dll's ...
Registered in 0.001689 seconds.
Begin MonoManager ReloadAssembly
Native extension for WindowsStandalone target not found
Native extension for WebGL target not found
Refreshing native plugins compatible for Editor in 0.40 ms, found 3 plugins.
Preloading 0 native plugins for Editor in 0.00 ms.
Mono: successfully reloaded assembly
- Completed reload, in  0.825 seconds
Domain Reload Profiling:
	ReloadAssembly (826ms)
		BeginReloadAssembly (106ms)
			ExecutionOrderSort (0ms)
			DisableScriptedObjects (5ms)
			BackupInstance (0ms)
			ReleaseScriptingObjects (0ms)
			CreateAndSetChildDomain (28ms)
		EndReloadAssembly (671ms)
			LoadAssemblies (66ms)
			RebuildTransferFunctionScriptingTraits (0ms)
			SetupTypeCache (234ms)
			ReleaseScriptCaches (1ms)
			RebuildScriptCaches (36ms)
			SetupLoadedEditorAssemblies (251ms)
				LogAssemblyErrors (0ms)
				InitializePlatformSupportModulesInManaged (5ms)
				SetLoadedEditorAssemblies (0ms)
				RefreshPlugins (0ms)
				BeforeProcessingInitializeOnLoad (64ms)
				ProcessInitializeOnLoadAttributes (173ms)
				ProcessInitializeOnLoadMethodAttributes (4ms)
				AfterProcessingInitializeOnLoad (5ms)
				EditorAssembliesLoaded (0ms)
			ExecutionOrderSort2 (0ms)
			AwakeInstancesAfterBackupRestoration (9ms)
Platform modules already initialized, skipping
Refreshing native plugins compatible for Editor in 0.42 ms, found 3 plugins.
Preloading 0 native plugins for Editor in 0.00 ms.
Unloading 2237 Unused Serialized files (Serialized files now loaded: 0)
System memory in use before: 100.9 MB.
System memory in use after: 101.0 MB.

Unloading 15 unused Assets to reduce memory usage. Loaded Objects now: 2718.
Total: 2.560400 ms (FindLiveObjects: 0.180900 ms CreateObjectMapping: 0.074800 ms MarkObjects: 2.289700 ms  DeleteObjects: 0.014000 ms)

AssetImportParameters requested are different than current active one (requested -> active):
  custom:framework-win-MediaFoundation: 216162199b28c13a410421893ffa2e32 -> 
  custom:video-decoder-ogg-theora: a1e56fd34408186e4bbccfd4996cb3dc -> 
  custom:container-muxer-webm: aa71ff27fc2769a1b78a27578f13a17b -> 
  custom:container-demuxer-webm: 4f35f7cbe854078d1ac9338744f61a02 -> 
  custom:container-demuxer-ogg: 62fdf1f143b41e24485cea50d1cbac27 -> 
  custom:video-encoder-webm-vp8: eb34c28f22e8b96e1ab97ce403110664 -> 
  custom:video-decoder-webm-vp8: 9c59270c3fd7afecdb556c50c9e8de78 -> 
  custom:audio-decoder-ogg-vorbis: bf7c407c2cedff20999df2af8eb42d56 -> 
  custom:audio-encoder-webm-vorbis: bf7c407c2cedff20999df2af8eb42d56 -> 
========================================================================
Received Prepare
Registering precompiled user dll's ...
Registered in 0.001523 seconds.
Begin MonoManager ReloadAssembly
Native extension for WindowsStandalone target not found
Native extension for WebGL target not found
Refreshing native plugins compatible for Editor in 0.42 ms, found 3 plugins.
Preloading 0 native plugins for Editor in 0.00 ms.
Mono: successfully reloaded assembly
- Completed reload, in  0.827 seconds
Domain Reload Profiling:
	ReloadAssembly (827ms)
		BeginReloadAssembly (98ms)
			ExecutionOrderSort (0ms)
			DisableScriptedObjects (5ms)
			BackupInstance (0ms)
			ReleaseScriptingObjects (0ms)
			CreateAndSetChildDomain (28ms)
		EndReloadAssembly (678ms)
			LoadAssemblies (68ms)
			RebuildTransferFunctionScriptingTraits (0ms)
			SetupTypeCache (237ms)
			ReleaseScriptCaches (1ms)
			RebuildScriptCaches (39ms)
			SetupLoadedEditorAssemblies (249ms)
				LogAssemblyErrors (0ms)
				InitializePlatformSupportModulesInManaged (5ms)
				SetLoadedEditorAssemblies (0ms)
				RefreshPlugins (0ms)
				BeforeProcessingInitializeOnLoad (63ms)
				ProcessInitializeOnLoadAttributes (171ms)
				ProcessInitializeOnLoadMethodAttributes (4ms)
				AfterProcessingInitializeOnLoad (5ms)
				EditorAssembliesLoaded (0ms)
			ExecutionOrderSort2 (0ms)
			AwakeInstancesAfterBackupRestoration (8ms)
Platform modules already initialized, skipping
Refreshing native plugins compatible for Editor in 0.43 ms, found 3 plugins.
Preloading 0 native plugins for Editor in 0.00 ms.
Unloading 2237 Unused Serialized files (Serialized files now loaded: 0)
System memory in use before: 100.9 MB.
System memory in use after: 101.1 MB.

Unloading 15 unused Assets to reduce memory usage. Loaded Objects now: 2721.
Total: 3.439900 ms (FindLiveObjects: 0.221200 ms CreateObjectMapping: 0.111300 ms MarkObjects: 3.083000 ms  DeleteObjects: 0.023300 ms)

AssetImportParameters requested are different than current active one (requested -> active):
  custom:framework-win-MediaFoundation: 216162199b28c13a410421893ffa2e32 -> 
  custom:video-decoder-ogg-theora: a1e56fd34408186e4bbccfd4996cb3dc -> 
  custom:container-muxer-webm: aa71ff27fc2769a1b78a27578f13a17b -> 
  custom:container-demuxer-webm: 4f35f7cbe854078d1ac9338744f61a02 -> 
  custom:container-demuxer-ogg: 62fdf1f143b41e24485cea50d1cbac27 -> 
  custom:video-encoder-webm-vp8: eb34c28f22e8b96e1ab97ce403110664 -> 
  custom:video-decoder-webm-vp8: 9c59270c3fd7afecdb556c50c9e8de78 -> 
  custom:audio-decoder-ogg-vorbis: bf7c407c2cedff20999df2af8eb42d56 -> 
  custom:audio-encoder-webm-vorbis: bf7c407c2cedff20999df2af8eb42d56 -> 
AssetImportWorkerClient::OnTransportError - code=2 error=End of file
